[0.193s] DEBUG:colcon:Command line arguments: ['/usr/bin/colcon', 'build', '--packages-select', 'sonoptix_ros2', '--symlink-install']
[0.193s] DEBUG:colcon:Parsed command line arguments: Namespace(log_base=None, log_level=None, verb_name='build', build_base='build', install_base='install', merge_install=False, symlink_install=True, test_result_base=None, continue_on_error=False, executor='parallel', parallel_workers=8, event_handlers=None, ignore_user_meta=False, metas=['./colcon.meta'], base_paths=['.'], packages_ignore=None, packages_ignore_regex=None, paths=None, packages_up_to=None, packages_up_to_regex=None, packages_above=None, packages_above_and_dependencies=None, packages_above_depth=None, packages_select_by_dep=None, packages_skip_by_dep=None, packages_skip_up_to=None, packages_select_build_failed=False, packages_skip_build_finished=False, packages_select_test_failures=False, packages_skip_test_passed=False, packages_select=['sonoptix_ros2'], packages_skip=None, packages_select_regex=None, packages_skip_regex=None, packages_start=None, packages_end=None, allow_overriding=[], cmake_args=None, cmake_target=None, cmake_target_skip_unavailable=False, cmake_clean_cache=False, cmake_clean_first=False, cmake_force_configure=False, ament_cmake_args=None, catkin_cmake_args=None, catkin_skip_building_tests=False, verb_parser=<colcon_defaults.argument_parser.defaults.DefaultArgumentsDecorator object at 0xffff8a7c4730>, verb_extension=<colcon_core.verb.build.BuildVerb object at 0xffff8a7c4220>, main=<bound method BuildVerb.main of <colcon_core.verb.build.BuildVerb object at 0xffff8a7c4220>>)
[0.484s] Level 1:colcon.colcon_core.package_discovery:discover_packages(colcon_meta) check parameters
[0.484s] Level 1:colcon.colcon_core.package_discovery:discover_packages(recursive) check parameters
[0.484s] Level 1:colcon.colcon_core.package_discovery:discover_packages(ignore) check parameters
[0.484s] Level 1:colcon.colcon_core.package_discovery:discover_packages(path) check parameters
[0.484s] Level 1:colcon.colcon_core.package_discovery:discover_packages(colcon_meta) discover
[0.485s] Level 1:colcon.colcon_core.package_discovery:discover_packages(recursive) discover
[0.485s] INFO:colcon.colcon_core.package_discovery:Crawling recursively for packages in '/home/hero/ros2_ws/src/sensor_packages'
[0.485s] Level 1:colcon.colcon_core.package_identification:_identify(.) by extensions ['ignore', 'ignore_ament_install']
[0.485s] Level 1:colcon.colcon_core.package_identification:_identify(.) by extension 'ignore'
[0.485s] Level 1:colcon.colcon_core.package_identification:_identify(.) by extension 'ignore_ament_install'
[0.485s] Level 1:colcon.colcon_core.package_identification:_identify(.) by extensions ['colcon_pkg']
[0.486s] Level 1:colcon.colcon_core.package_identification:_identify(.) by extension 'colcon_pkg'
[0.486s] Level 1:colcon.colcon_core.package_identification:_identify(.) by extensions ['colcon_meta']
[0.486s] Level 1:colcon.colcon_core.package_identification:_identify(.) by extension 'colcon_meta'
[0.486s] Level 1:colcon.colcon_core.package_identification:_identify(.) by extensions ['ros']
[0.486s] Level 1:colcon.colcon_core.package_identification:_identify(.) by extension 'ros'
[0.508s] Level 1:colcon.colcon_core.package_identification:_identify(.) by extensions ['cmake', 'python']
[0.508s] Level 1:colcon.colcon_core.package_identification:_identify(.) by extension 'cmake'
[0.508s] Level 1:colcon.colcon_core.package_identification:_identify(.) by extension 'python'
[0.508s] Level 1:colcon.colcon_core.package_identification:_identify(.) by extensions ['python_setup_py']
[0.508s] Level 1:colcon.colcon_core.package_identification:_identify(.) by extension 'python_setup_py'
[0.509s] Level 1:colcon.colcon_core.package_identification:_identify(build) by extensions ['ignore', 'ignore_ament_install']
[0.509s] Level 1:colcon.colcon_core.package_identification:_identify(build) by extension 'ignore'
[0.509s] Level 1:colcon.colcon_core.package_identification:_identify(build) ignored
[0.509s] Level 1:colcon.colcon_core.package_identification:_identify(install) by extensions ['ignore', 'ignore_ament_install']
[0.509s] Level 1:colcon.colcon_core.package_identification:_identify(install) by extension 'ignore'
[0.509s] Level 1:colcon.colcon_core.package_identification:_identify(install) ignored
[0.510s] Level 1:colcon.colcon_core.package_identification:_identify(livox_ros2) by extensions ['ignore', 'ignore_ament_install']
[0.510s] Level 1:colcon.colcon_core.package_identification:_identify(livox_ros2) by extension 'ignore'
[0.510s] Level 1:colcon.colcon_core.package_identification:_identify(livox_ros2) by extension 'ignore_ament_install'
[0.510s] Level 1:colcon.colcon_core.package_identification:_identify(livox_ros2) by extensions ['colcon_pkg']
[0.510s] Level 1:colcon.colcon_core.package_identification:_identify(livox_ros2) by extension 'colcon_pkg'
[0.510s] Level 1:colcon.colcon_core.package_identification:_identify(livox_ros2) by extensions ['colcon_meta']
[0.510s] Level 1:colcon.colcon_core.package_identification:_identify(livox_ros2) by extension 'colcon_meta'
[0.510s] Level 1:colcon.colcon_core.package_identification:_identify(livox_ros2) by extensions ['ros']
[0.510s] Level 1:colcon.colcon_core.package_identification:_identify(livox_ros2) by extension 'ros'
[0.510s] Level 1:colcon.colcon_core.package_identification:_identify(livox_ros2) by extensions ['cmake', 'python']
[0.510s] Level 1:colcon.colcon_core.package_identification:_identify(livox_ros2) by extension 'cmake'
[0.511s] Level 1:colcon.colcon_core.package_identification:_identify(livox_ros2) by extension 'python'
[0.511s] Level 1:colcon.colcon_core.package_identification:_identify(livox_ros2) by extensions ['python_setup_py']
[0.511s] Level 1:colcon.colcon_core.package_identification:_identify(livox_ros2) by extension 'python_setup_py'
[0.511s] Level 1:colcon.colcon_core.package_identification:_identify(livox_ros2/fast_lio) by extensions ['ignore', 'ignore_ament_install']
[0.511s] Level 1:colcon.colcon_core.package_identification:_identify(livox_ros2/fast_lio) by extension 'ignore'
[0.511s] Level 1:colcon.colcon_core.package_identification:_identify(livox_ros2/fast_lio) by extension 'ignore_ament_install'
[0.511s] Level 1:colcon.colcon_core.package_identification:_identify(livox_ros2/fast_lio) by extensions ['colcon_pkg']
[0.511s] Level 1:colcon.colcon_core.package_identification:_identify(livox_ros2/fast_lio) by extension 'colcon_pkg'
[0.511s] Level 1:colcon.colcon_core.package_identification:_identify(livox_ros2/fast_lio) by extensions ['colcon_meta']
[0.511s] Level 1:colcon.colcon_core.package_identification:_identify(livox_ros2/fast_lio) by extension 'colcon_meta'
[0.511s] Level 1:colcon.colcon_core.package_identification:_identify(livox_ros2/fast_lio) by extensions ['ros']
[0.511s] Level 1:colcon.colcon_core.package_identification:_identify(livox_ros2/fast_lio) by extension 'ros'
[0.518s] DEBUG:colcon.colcon_core.package_identification:Package 'livox_ros2/fast_lio' with type 'ros.ament_cmake' and name 'fast_lio'
[0.518s] Level 1:colcon.colcon_core.package_identification:_identify(livox_ros2/livox_driver) by extensions ['ignore', 'ignore_ament_install']
[0.518s] Level 1:colcon.colcon_core.package_identification:_identify(livox_ros2/livox_driver) by extension 'ignore'
[0.518s] Level 1:colcon.colcon_core.package_identification:_identify(livox_ros2/livox_driver) by extension 'ignore_ament_install'
[0.519s] Level 1:colcon.colcon_core.package_identification:_identify(livox_ros2/livox_driver) by extensions ['colcon_pkg']
[0.519s] Level 1:colcon.colcon_core.package_identification:_identify(livox_ros2/livox_driver) by extension 'colcon_pkg'
[0.519s] Level 1:colcon.colcon_core.package_identification:_identify(livox_ros2/livox_driver) by extensions ['colcon_meta']
[0.519s] Level 1:colcon.colcon_core.package_identification:_identify(livox_ros2/livox_driver) by extension 'colcon_meta'
[0.519s] Level 1:colcon.colcon_core.package_identification:_identify(livox_ros2/livox_driver) by extensions ['ros']
[0.519s] Level 1:colcon.colcon_core.package_identification:_identify(livox_ros2/livox_driver) by extension 'ros'
[0.521s] DEBUG:colcon.colcon_core.package_identification:Package 'livox_ros2/livox_driver' with type 'ros.ament_cmake' and name 'livox_driver'
[0.521s] Level 1:colcon.colcon_core.package_identification:_identify(livox_ros2/livox_sdk) by extensions ['ignore', 'ignore_ament_install']
[0.522s] Level 1:colcon.colcon_core.package_identification:_identify(livox_ros2/livox_sdk) by extension 'ignore'
[0.522s] Level 1:colcon.colcon_core.package_identification:_identify(livox_ros2/livox_sdk) by extension 'ignore_ament_install'
[0.522s] Level 1:colcon.colcon_core.package_identification:_identify(livox_ros2/livox_sdk) by extensions ['colcon_pkg']
[0.522s] Level 1:colcon.colcon_core.package_identification:_identify(livox_ros2/livox_sdk) by extension 'colcon_pkg'
[0.522s] Level 1:colcon.colcon_core.package_identification:_identify(livox_ros2/livox_sdk) by extensions ['colcon_meta']
[0.522s] Level 1:colcon.colcon_core.package_identification:_identify(livox_ros2/livox_sdk) by extension 'colcon_meta'
[0.522s] Level 1:colcon.colcon_core.package_identification:_identify(livox_ros2/livox_sdk) by extensions ['ros']
[0.522s] Level 1:colcon.colcon_core.package_identification:_identify(livox_ros2/livox_sdk) by extension 'ros'
[0.522s] Level 1:colcon.colcon_core.package_identification:_identify(livox_ros2/livox_sdk) by extensions ['cmake', 'python']
[0.522s] Level 1:colcon.colcon_core.package_identification:_identify(livox_ros2/livox_sdk) by extension 'cmake'
[0.527s] Level 1:colcon.colcon_core.package_identification:_identify(livox_ros2/livox_sdk) by extension 'python'
[0.528s] DEBUG:colcon.colcon_core.package_identification:Package 'livox_ros2/livox_sdk' with type 'cmake' and name 'livox_sdk'
[0.528s] Level 1:colcon.colcon_core.package_identification:_identify(log) by extensions ['ignore', 'ignore_ament_install']
[0.528s] Level 1:colcon.colcon_core.package_identification:_identify(log) by extension 'ignore'
[0.528s] Level 1:colcon.colcon_core.package_identification:_identify(log) ignored
[0.528s] Level 1:colcon.colcon_core.package_identification:_identify(oculus_ros2) by extensions ['ignore', 'ignore_ament_install']
[0.528s] Level 1:colcon.colcon_core.package_identification:_identify(oculus_ros2) by extension 'ignore'
[0.528s] Level 1:colcon.colcon_core.package_identification:_identify(oculus_ros2) by extension 'ignore_ament_install'
[0.529s] Level 1:colcon.colcon_core.package_identification:_identify(oculus_ros2) by extensions ['colcon_pkg']
[0.529s] Level 1:colcon.colcon_core.package_identification:_identify(oculus_ros2) by extension 'colcon_pkg'
[0.529s] Level 1:colcon.colcon_core.package_identification:_identify(oculus_ros2) by extensions ['colcon_meta']
[0.529s] Level 1:colcon.colcon_core.package_identification:_identify(oculus_ros2) by extension 'colcon_meta'
[0.529s] Level 1:colcon.colcon_core.package_identification:_identify(oculus_ros2) by extensions ['ros']
[0.529s] Level 1:colcon.colcon_core.package_identification:_identify(oculus_ros2) by extension 'ros'
[0.529s] Level 1:colcon.colcon_core.package_identification:_identify(oculus_ros2) by extensions ['cmake', 'python']
[0.529s] Level 1:colcon.colcon_core.package_identification:_identify(oculus_ros2) by extension 'cmake'
[0.529s] Level 1:colcon.colcon_core.package_identification:_identify(oculus_ros2) by extension 'python'
[0.529s] Level 1:colcon.colcon_core.package_identification:_identify(oculus_ros2) by extensions ['python_setup_py']
[0.529s] Level 1:colcon.colcon_core.package_identification:_identify(oculus_ros2) by extension 'python_setup_py'
[0.529s] Level 1:colcon.colcon_core.package_identification:_identify(oculus_ros2/apl_msgs) by extensions ['ignore', 'ignore_ament_install']
[0.530s] Level 1:colcon.colcon_core.package_identification:_identify(oculus_ros2/apl_msgs) by extension 'ignore'
[0.530s] Level 1:colcon.colcon_core.package_identification:_identify(oculus_ros2/apl_msgs) by extension 'ignore_ament_install'
[0.530s] Level 1:colcon.colcon_core.package_identification:_identify(oculus_ros2/apl_msgs) by extensions ['colcon_pkg']
[0.530s] Level 1:colcon.colcon_core.package_identification:_identify(oculus_ros2/apl_msgs) by extension 'colcon_pkg'
[0.530s] Level 1:colcon.colcon_core.package_identification:_identify(oculus_ros2/apl_msgs) by extensions ['colcon_meta']
[0.530s] Level 1:colcon.colcon_core.package_identification:_identify(oculus_ros2/apl_msgs) by extension 'colcon_meta'
[0.530s] Level 1:colcon.colcon_core.package_identification:_identify(oculus_ros2/apl_msgs) by extensions ['ros']
[0.530s] Level 1:colcon.colcon_core.package_identification:_identify(oculus_ros2/apl_msgs) by extension 'ros'
[0.539s] DEBUG:colcon.colcon_core.package_identification:Package 'oculus_ros2/apl_msgs' with type 'ros.ament_cmake' and name 'apl_msgs'
[0.539s] Level 1:colcon.colcon_core.package_identification:_identify(oculus_ros2/g3log) by extensions ['ignore', 'ignore_ament_install']
[0.539s] Level 1:colcon.colcon_core.package_identification:_identify(oculus_ros2/g3log) by extension 'ignore'
[0.540s] Level 1:colcon.colcon_core.package_identification:_identify(oculus_ros2/g3log) by extension 'ignore_ament_install'
[0.540s] Level 1:colcon.colcon_core.package_identification:_identify(oculus_ros2/g3log) by extensions ['colcon_pkg']
[0.540s] Level 1:colcon.colcon_core.package_identification:_identify(oculus_ros2/g3log) by extension 'colcon_pkg'
[0.540s] Level 1:colcon.colcon_core.package_identification:_identify(oculus_ros2/g3log) by extensions ['colcon_meta']
[0.540s] Level 1:colcon.colcon_core.package_identification:_identify(oculus_ros2/g3log) by extension 'colcon_meta'
[0.540s] Level 1:colcon.colcon_core.package_identification:_identify(oculus_ros2/g3log) by extensions ['ros']
[0.540s] Level 1:colcon.colcon_core.package_identification:_identify(oculus_ros2/g3log) by extension 'ros'
[0.540s] Level 1:colcon.colcon_core.package_identification:_identify(oculus_ros2/g3log) by extensions ['cmake', 'python']
[0.540s] Level 1:colcon.colcon_core.package_identification:_identify(oculus_ros2/g3log) by extension 'cmake'
[0.546s] Level 1:colcon.colcon_core.package_identification:_identify(oculus_ros2/g3log) by extension 'python'
[0.546s] DEBUG:colcon.colcon_core.package_identification:Package 'oculus_ros2/g3log' with type 'cmake' and name 'g3log'
[0.547s] Level 1:colcon.colcon_core.package_identification:_identify(oculus_ros2/liboculus) by extensions ['ignore', 'ignore_ament_install']
[0.547s] Level 1:colcon.colcon_core.package_identification:_identify(oculus_ros2/liboculus) by extension 'ignore'
[0.547s] Level 1:colcon.colcon_core.package_identification:_identify(oculus_ros2/liboculus) by extension 'ignore_ament_install'
[0.547s] Level 1:colcon.colcon_core.package_identification:_identify(oculus_ros2/liboculus) by extensions ['colcon_pkg']
[0.547s] Level 1:colcon.colcon_core.package_identification:_identify(oculus_ros2/liboculus) by extension 'colcon_pkg'
[0.547s] Level 1:colcon.colcon_core.package_identification:_identify(oculus_ros2/liboculus) by extensions ['colcon_meta']
[0.547s] Level 1:colcon.colcon_core.package_identification:_identify(oculus_ros2/liboculus) by extension 'colcon_meta'
[0.547s] Level 1:colcon.colcon_core.package_identification:_identify(oculus_ros2/liboculus) by extensions ['ros']
[0.547s] Level 1:colcon.colcon_core.package_identification:_identify(oculus_ros2/liboculus) by extension 'ros'
[0.553s] DEBUG:colcon.colcon_core.package_identification:Package 'oculus_ros2/liboculus' with type 'ros.ament_cmake' and name 'liboculus'
[0.553s] Level 1:colcon.colcon_core.package_identification:_identify(oculus_ros2/marine_msgs) by extensions ['ignore', 'ignore_ament_install']
[0.553s] Level 1:colcon.colcon_core.package_identification:_identify(oculus_ros2/marine_msgs) by extension 'ignore'
[0.553s] Level 1:colcon.colcon_core.package_identification:_identify(oculus_ros2/marine_msgs) by extension 'ignore_ament_install'
[0.553s] Level 1:colcon.colcon_core.package_identification:_identify(oculus_ros2/marine_msgs) by extensions ['colcon_pkg']
[0.553s] Level 1:colcon.colcon_core.package_identification:_identify(oculus_ros2/marine_msgs) by extension 'colcon_pkg'
[0.553s] Level 1:colcon.colcon_core.package_identification:_identify(oculus_ros2/marine_msgs) by extensions ['colcon_meta']
[0.553s] Level 1:colcon.colcon_core.package_identification:_identify(oculus_ros2/marine_msgs) by extension 'colcon_meta'
[0.554s] Level 1:colcon.colcon_core.package_identification:_identify(oculus_ros2/marine_msgs) by extensions ['ros']
[0.554s] Level 1:colcon.colcon_core.package_identification:_identify(oculus_ros2/marine_msgs) by extension 'ros'
[0.554s] Level 1:colcon.colcon_core.package_identification:_identify(oculus_ros2/marine_msgs) by extensions ['cmake', 'python']
[0.554s] Level 1:colcon.colcon_core.package_identification:_identify(oculus_ros2/marine_msgs) by extension 'cmake'
[0.554s] Level 1:colcon.colcon_core.package_identification:_identify(oculus_ros2/marine_msgs) by extension 'python'
[0.554s] Level 1:colcon.colcon_core.package_identification:_identify(oculus_ros2/marine_msgs) by extensions ['python_setup_py']
[0.554s] Level 1:colcon.colcon_core.package_identification:_identify(oculus_ros2/marine_msgs) by extension 'python_setup_py'
[0.554s] Level 1:colcon.colcon_core.package_identification:_identify(oculus_ros2/marine_msgs/marine_acoustic_msgs) by extensions ['ignore', 'ignore_ament_install']
[0.554s] Level 1:colcon.colcon_core.package_identification:_identify(oculus_ros2/marine_msgs/marine_acoustic_msgs) by extension 'ignore'
[0.554s] Level 1:colcon.colcon_core.package_identification:_identify(oculus_ros2/marine_msgs/marine_acoustic_msgs) by extension 'ignore_ament_install'
[0.554s] Level 1:colcon.colcon_core.package_identification:_identify(oculus_ros2/marine_msgs/marine_acoustic_msgs) by extensions ['colcon_pkg']
[0.555s] Level 1:colcon.colcon_core.package_identification:_identify(oculus_ros2/marine_msgs/marine_acoustic_msgs) by extension 'colcon_pkg'
[0.555s] Level 1:colcon.colcon_core.package_identification:_identify(oculus_ros2/marine_msgs/marine_acoustic_msgs) by extensions ['colcon_meta']
[0.555s] Level 1:colcon.colcon_core.package_identification:_identify(oculus_ros2/marine_msgs/marine_acoustic_msgs) by extension 'colcon_meta'
[0.555s] Level 1:colcon.colcon_core.package_identification:_identify(oculus_ros2/marine_msgs/marine_acoustic_msgs) by extensions ['ros']
[0.555s] Level 1:colcon.colcon_core.package_identification:_identify(oculus_ros2/marine_msgs/marine_acoustic_msgs) by extension 'ros'
[0.556s] DEBUG:colcon.colcon_core.package_identification:Package 'oculus_ros2/marine_msgs/marine_acoustic_msgs' with type 'ros.ament_cmake' and name 'marine_acoustic_msgs'
[0.556s] Level 1:colcon.colcon_core.package_identification:_identify(oculus_ros2/marine_msgs/marine_sensor_msgs) by extensions ['ignore', 'ignore_ament_install']
[0.557s] Level 1:colcon.colcon_core.package_identification:_identify(oculus_ros2/marine_msgs/marine_sensor_msgs) by extension 'ignore'
[0.557s] Level 1:colcon.colcon_core.package_identification:_identify(oculus_ros2/marine_msgs/marine_sensor_msgs) by extension 'ignore_ament_install'
[0.557s] Level 1:colcon.colcon_core.package_identification:_identify(oculus_ros2/marine_msgs/marine_sensor_msgs) by extensions ['colcon_pkg']
[0.557s] Level 1:colcon.colcon_core.package_identification:_identify(oculus_ros2/marine_msgs/marine_sensor_msgs) by extension 'colcon_pkg'
[0.557s] Level 1:colcon.colcon_core.package_identification:_identify(oculus_ros2/marine_msgs/marine_sensor_msgs) by extensions ['colcon_meta']
[0.557s] Level 1:colcon.colcon_core.package_identification:_identify(oculus_ros2/marine_msgs/marine_sensor_msgs) by extension 'colcon_meta'
[0.557s] Level 1:colcon.colcon_core.package_identification:_identify(oculus_ros2/marine_msgs/marine_sensor_msgs) by extensions ['ros']
[0.557s] Level 1:colcon.colcon_core.package_identification:_identify(oculus_ros2/marine_msgs/marine_sensor_msgs) by extension 'ros'
[0.558s] DEBUG:colcon.colcon_core.package_identification:Package 'oculus_ros2/marine_msgs/marine_sensor_msgs' with type 'ros.ament_cmake' and name 'marine_sensor_msgs'
[0.558s] Level 1:colcon.colcon_core.package_identification:_identify(oculus_ros2/oculus_sonar) by extensions ['ignore', 'ignore_ament_install']
[0.559s] Level 1:colcon.colcon_core.package_identification:_identify(oculus_ros2/oculus_sonar) by extension 'ignore'
[0.559s] Level 1:colcon.colcon_core.package_identification:_identify(oculus_ros2/oculus_sonar) by extension 'ignore_ament_install'
[0.559s] Level 1:colcon.colcon_core.package_identification:_identify(oculus_ros2/oculus_sonar) by extensions ['colcon_pkg']
[0.559s] Level 1:colcon.colcon_core.package_identification:_identify(oculus_ros2/oculus_sonar) by extension 'colcon_pkg'
[0.559s] Level 1:colcon.colcon_core.package_identification:_identify(oculus_ros2/oculus_sonar) by extensions ['colcon_meta']
[0.559s] Level 1:colcon.colcon_core.package_identification:_identify(oculus_ros2/oculus_sonar) by extension 'colcon_meta'
[0.559s] Level 1:colcon.colcon_core.package_identification:_identify(oculus_ros2/oculus_sonar) by extensions ['ros']
[0.559s] Level 1:colcon.colcon_core.package_identification:_identify(oculus_ros2/oculus_sonar) by extension 'ros'
[0.561s] DEBUG:colcon.colcon_core.package_identification:Package 'oculus_ros2/oculus_sonar' with type 'ros.ament_cmake' and name 'oculus_sonar'
[0.562s] Level 1:colcon.colcon_core.package_identification:_identify(oculus_ros2/oculus_sonar_msgs) by extensions ['ignore', 'ignore_ament_install']
[0.562s] Level 1:colcon.colcon_core.package_identification:_identify(oculus_ros2/oculus_sonar_msgs) by extension 'ignore'
[0.562s] Level 1:colcon.colcon_core.package_identification:_identify(oculus_ros2/oculus_sonar_msgs) by extension 'ignore_ament_install'
[0.562s] Level 1:colcon.colcon_core.package_identification:_identify(oculus_ros2/oculus_sonar_msgs) by extensions ['colcon_pkg']
[0.562s] Level 1:colcon.colcon_core.package_identification:_identify(oculus_ros2/oculus_sonar_msgs) by extension 'colcon_pkg'
[0.562s] Level 1:colcon.colcon_core.package_identification:_identify(oculus_ros2/oculus_sonar_msgs) by extensions ['colcon_meta']
[0.562s] Level 1:colcon.colcon_core.package_identification:_identify(oculus_ros2/oculus_sonar_msgs) by extension 'colcon_meta'
[0.562s] Level 1:colcon.colcon_core.package_identification:_identify(oculus_ros2/oculus_sonar_msgs) by extensions ['ros']
[0.562s] Level 1:colcon.colcon_core.package_identification:_identify(oculus_ros2/oculus_sonar_msgs) by extension 'ros'
[0.593s] DEBUG:colcon.colcon_core.package_identification:Package 'oculus_ros2/oculus_sonar_msgs' with type 'ros.ament_cmake' and name 'oculus_sonar_msgs'
[0.594s] Level 1:colcon.colcon_core.package_identification:_identify(ping1d_ros2) by extensions ['ignore', 'ignore_ament_install']
[0.594s] Level 1:colcon.colcon_core.package_identification:_identify(ping1d_ros2) by extension 'ignore'
[0.594s] Level 1:colcon.colcon_core.package_identification:_identify(ping1d_ros2) by extension 'ignore_ament_install'
[0.594s] Level 1:colcon.colcon_core.package_identification:_identify(ping1d_ros2) by extensions ['colcon_pkg']
[0.594s] Level 1:colcon.colcon_core.package_identification:_identify(ping1d_ros2) by extension 'colcon_pkg'
[0.594s] Level 1:colcon.colcon_core.package_identification:_identify(ping1d_ros2) by extensions ['colcon_meta']
[0.594s] Level 1:colcon.colcon_core.package_identification:_identify(ping1d_ros2) by extension 'colcon_meta'
[0.595s] Level 1:colcon.colcon_core.package_identification:_identify(ping1d_ros2) by extensions ['ros']
[0.595s] Level 1:colcon.colcon_core.package_identification:_identify(ping1d_ros2) by extension 'ros'
[0.596s] DEBUG:colcon.colcon_core.package_identification:Package 'ping1d_ros2' with type 'ros.ament_python' and name 'ping1d_sonar'
[0.596s] Level 1:colcon.colcon_core.package_identification:_identify(ping360_ros2) by extensions ['ignore', 'ignore_ament_install']
[0.596s] Level 1:colcon.colcon_core.package_identification:_identify(ping360_ros2) by extension 'ignore'
[0.596s] Level 1:colcon.colcon_core.package_identification:_identify(ping360_ros2) by extension 'ignore_ament_install'
[0.596s] Level 1:colcon.colcon_core.package_identification:_identify(ping360_ros2) by extensions ['colcon_pkg']
[0.596s] Level 1:colcon.colcon_core.package_identification:_identify(ping360_ros2) by extension 'colcon_pkg'
[0.597s] Level 1:colcon.colcon_core.package_identification:_identify(ping360_ros2) by extensions ['colcon_meta']
[0.597s] Level 1:colcon.colcon_core.package_identification:_identify(ping360_ros2) by extension 'colcon_meta'
[0.597s] Level 1:colcon.colcon_core.package_identification:_identify(ping360_ros2) by extensions ['ros']
[0.597s] Level 1:colcon.colcon_core.package_identification:_identify(ping360_ros2) by extension 'ros'
[0.597s] Level 1:colcon.colcon_core.package_identification:_identify(ping360_ros2) by extensions ['cmake', 'python']
[0.597s] Level 1:colcon.colcon_core.package_identification:_identify(ping360_ros2) by extension 'cmake'
[0.597s] Level 1:colcon.colcon_core.package_identification:_identify(ping360_ros2) by extension 'python'
[0.597s] Level 1:colcon.colcon_core.package_identification:_identify(ping360_ros2) by extensions ['python_setup_py']
[0.597s] Level 1:colcon.colcon_core.package_identification:_identify(ping360_ros2) by extension 'python_setup_py'
[0.597s] Level 1:colcon.colcon_core.package_identification:_identify(ping360_ros2/ping360_sonar) by extensions ['ignore', 'ignore_ament_install']
[0.598s] Level 1:colcon.colcon_core.package_identification:_identify(ping360_ros2/ping360_sonar) by extension 'ignore'
[0.598s] Level 1:colcon.colcon_core.package_identification:_identify(ping360_ros2/ping360_sonar) by extension 'ignore_ament_install'
[0.598s] Level 1:colcon.colcon_core.package_identification:_identify(ping360_ros2/ping360_sonar) by extensions ['colcon_pkg']
[0.598s] Level 1:colcon.colcon_core.package_identification:_identify(ping360_ros2/ping360_sonar) by extension 'colcon_pkg'
[0.598s] Level 1:colcon.colcon_core.package_identification:_identify(ping360_ros2/ping360_sonar) by extensions ['colcon_meta']
[0.598s] Level 1:colcon.colcon_core.package_identification:_identify(ping360_ros2/ping360_sonar) by extension 'colcon_meta'
[0.598s] Level 1:colcon.colcon_core.package_identification:_identify(ping360_ros2/ping360_sonar) by extensions ['ros']
[0.598s] Level 1:colcon.colcon_core.package_identification:_identify(ping360_ros2/ping360_sonar) by extension 'ros'
[0.600s] DEBUG:colcon.colcon_core.package_identification:Package 'ping360_ros2/ping360_sonar' with type 'ros.ament_cmake' and name 'ping360_sonar'
[0.600s] Level 1:colcon.colcon_core.package_identification:_identify(ping360_ros2/ping360_sonar_msgs) by extensions ['ignore', 'ignore_ament_install']
[0.600s] Level 1:colcon.colcon_core.package_identification:_identify(ping360_ros2/ping360_sonar_msgs) by extension 'ignore'
[0.600s] Level 1:colcon.colcon_core.package_identification:_identify(ping360_ros2/ping360_sonar_msgs) by extension 'ignore_ament_install'
[0.600s] Level 1:colcon.colcon_core.package_identification:_identify(ping360_ros2/ping360_sonar_msgs) by extensions ['colcon_pkg']
[0.601s] Level 1:colcon.colcon_core.package_identification:_identify(ping360_ros2/ping360_sonar_msgs) by extension 'colcon_pkg'
[0.601s] Level 1:colcon.colcon_core.package_identification:_identify(ping360_ros2/ping360_sonar_msgs) by extensions ['colcon_meta']
[0.601s] Level 1:colcon.colcon_core.package_identification:_identify(ping360_ros2/ping360_sonar_msgs) by extension 'colcon_meta'
[0.601s] Level 1:colcon.colcon_core.package_identification:_identify(ping360_ros2/ping360_sonar_msgs) by extensions ['ros']
[0.601s] Level 1:colcon.colcon_core.package_identification:_identify(ping360_ros2/ping360_sonar_msgs) by extension 'ros'
[0.602s] DEBUG:colcon.colcon_core.package_identification:Package 'ping360_ros2/ping360_sonar_msgs' with type 'ros.ament_cmake' and name 'ping360_sonar_msgs'
[0.602s] Level 1:colcon.colcon_core.package_identification:_identify(sonoptix_ros2) by extensions ['ignore', 'ignore_ament_install']
[0.602s] Level 1:colcon.colcon_core.package_identification:_identify(sonoptix_ros2) by extension 'ignore'
[0.602s] Level 1:colcon.colcon_core.package_identification:_identify(sonoptix_ros2) by extension 'ignore_ament_install'
[0.603s] Level 1:colcon.colcon_core.package_identification:_identify(sonoptix_ros2) by extensions ['colcon_pkg']
[0.603s] Level 1:colcon.colcon_core.package_identification:_identify(sonoptix_ros2) by extension 'colcon_pkg'
[0.603s] Level 1:colcon.colcon_core.package_identification:_identify(sonoptix_ros2) by extensions ['colcon_meta']
[0.603s] Level 1:colcon.colcon_core.package_identification:_identify(sonoptix_ros2) by extension 'colcon_meta'
[0.603s] Level 1:colcon.colcon_core.package_identification:_identify(sonoptix_ros2) by extensions ['ros']
[0.603s] Level 1:colcon.colcon_core.package_identification:_identify(sonoptix_ros2) by extension 'ros'
[0.605s] DEBUG:colcon.colcon_core.package_identification:Package 'sonoptix_ros2' with type 'ros.ament_python' and name 'sonoptix_ros2'
[0.605s] Level 1:colcon.colcon_core.package_discovery:discover_packages(recursive) using defaults
[0.605s] Level 1:colcon.colcon_core.package_discovery:discover_packages(ignore) discover
[0.605s] Level 1:colcon.colcon_core.package_discovery:discover_packages(ignore) using defaults
[0.605s] Level 1:colcon.colcon_core.package_discovery:discover_packages(path) discover
[0.605s] Level 1:colcon.colcon_core.package_discovery:discover_packages(path) using defaults
[0.642s] INFO:colcon.colcon_core.package_selection:Skipping not selected package 'apl_msgs' in 'oculus_ros2/apl_msgs'
[0.642s] INFO:colcon.colcon_core.package_selection:Skipping not selected package 'g3log' in 'oculus_ros2/g3log'
[0.642s] INFO:colcon.colcon_core.package_selection:Skipping not selected package 'livox_sdk' in 'livox_ros2/livox_sdk'
[0.643s] INFO:colcon.colcon_core.package_selection:Skipping not selected package 'marine_acoustic_msgs' in 'oculus_ros2/marine_msgs/marine_acoustic_msgs'
[0.643s] INFO:colcon.colcon_core.package_selection:Skipping not selected package 'marine_sensor_msgs' in 'oculus_ros2/marine_msgs/marine_sensor_msgs'
[0.643s] INFO:colcon.colcon_core.package_selection:Skipping not selected package 'oculus_sonar_msgs' in 'oculus_ros2/oculus_sonar_msgs'
[0.643s] INFO:colcon.colcon_core.package_selection:Skipping not selected package 'ping1d_sonar' in 'ping1d_ros2'
[0.643s] INFO:colcon.colcon_core.package_selection:Skipping not selected package 'ping360_sonar_msgs' in 'ping360_ros2/ping360_sonar_msgs'
[0.643s] INFO:colcon.colcon_core.package_selection:Skipping not selected package 'liboculus' in 'oculus_ros2/liboculus'
[0.643s] INFO:colcon.colcon_core.package_selection:Skipping not selected package 'livox_driver' in 'livox_ros2/livox_driver'
[0.643s] INFO:colcon.colcon_core.package_selection:Skipping not selected package 'ping360_sonar' in 'ping360_ros2/ping360_sonar'
[0.643s] INFO:colcon.colcon_core.package_selection:Skipping not selected package 'fast_lio' in 'livox_ros2/fast_lio'
[0.643s] INFO:colcon.colcon_core.package_selection:Skipping not selected package 'oculus_sonar' in 'oculus_ros2/oculus_sonar'
[0.644s] Level 1:colcon.colcon_core.package_discovery:discover_packages(prefix_path) check parameters
[0.644s] Level 1:colcon.colcon_core.package_discovery:discover_packages(prefix_path) discover
[0.647s] DEBUG:colcon.colcon_installed_package_information.package_discovery:Found 276 installed packages in /opt/ros/humble
[0.649s] Level 1:colcon.colcon_core.package_discovery:discover_packages(prefix_path) using defaults
[0.710s] Level 5:colcon.colcon_core.verb:set package 'sonoptix_ros2' build argument 'cmake_args' from command line to 'None'
[0.710s] Level 5:colcon.colcon_core.verb:set package 'sonoptix_ros2' build argument 'cmake_target' from command line to 'None'
[0.710s] Level 5:colcon.colcon_core.verb:set package 'sonoptix_ros2' build argument 'cmake_target_skip_unavailable' from command line to 'False'
[0.710s] Level 5:colcon.colcon_core.verb:set package 'sonoptix_ros2' build argument 'cmake_clean_cache' from command line to 'False'
[0.710s] Level 5:colcon.colcon_core.verb:set package 'sonoptix_ros2' build argument 'cmake_clean_first' from command line to 'False'
[0.710s] Level 5:colcon.colcon_core.verb:set package 'sonoptix_ros2' build argument 'cmake_force_configure' from command line to 'False'
[0.710s] Level 5:colcon.colcon_core.verb:set package 'sonoptix_ros2' build argument 'ament_cmake_args' from command line to 'None'
[0.710s] Level 5:colcon.colcon_core.verb:set package 'sonoptix_ros2' build argument 'catkin_cmake_args' from command line to 'None'
[0.710s] Level 5:colcon.colcon_core.verb:set package 'sonoptix_ros2' build argument 'catkin_skip_building_tests' from command line to 'False'
[0.710s] DEBUG:colcon.colcon_core.verb:Building package 'sonoptix_ros2' with the following arguments: {'ament_cmake_args': None, 'build_base': '/home/hero/ros2_ws/src/sensor_packages/build/sonoptix_ros2', 'catkin_cmake_args': None, 'catkin_skip_building_tests': False, 'cmake_args': None, 'cmake_clean_cache': False, 'cmake_clean_first': False, 'cmake_force_configure': False, 'cmake_target': None, 'cmake_target_skip_unavailable': False, 'install_base': '/home/hero/ros2_ws/src/sensor_packages/install/sonoptix_ros2', 'merge_install': False, 'path': '/home/hero/ros2_ws/src/sensor_packages/sonoptix_ros2', 'symlink_install': True, 'test_result_base': None}
[0.711s] INFO:colcon.colcon_core.executor:Executing jobs using 'parallel' executor
[0.713s] DEBUG:colcon.colcon_parallel_executor.executor.parallel:run_until_complete
[0.714s] INFO:colcon.colcon_ros.task.ament_python.build:Building ROS package in '/home/hero/ros2_ws/src/sensor_packages/sonoptix_ros2' with build type 'ament_python'
[0.714s] Level 1:colcon.colcon_core.shell:create_environment_hook('sonoptix_ros2', 'ament_prefix_path')
[0.719s] INFO:colcon.colcon_core.plugin_system:Skipping extension 'colcon_core.shell.bat': Not used on non-Windows systems
[0.719s] INFO:colcon.colcon_core.shell:Creating environment hook '/home/hero/ros2_ws/src/sensor_packages/install/sonoptix_ros2/share/sonoptix_ros2/hook/ament_prefix_path.ps1'
[0.721s] INFO:colcon.colcon_core.shell:Creating environment descriptor '/home/hero/ros2_ws/src/sensor_packages/install/sonoptix_ros2/share/sonoptix_ros2/hook/ament_prefix_path.dsv'
[0.722s] INFO:colcon.colcon_core.shell:Creating environment hook '/home/hero/ros2_ws/src/sensor_packages/install/sonoptix_ros2/share/sonoptix_ros2/hook/ament_prefix_path.sh'
[0.723s] INFO:colcon.colcon_core.shell:Skip shell extension 'powershell' for command environment: Not usable outside of PowerShell
[0.723s] DEBUG:colcon.colcon_core.shell:Skip shell extension 'dsv' for command environment
[1.200s] INFO:colcon.colcon_core.task.python.build:Building Python package in '/home/hero/ros2_ws/src/sensor_packages/sonoptix_ros2'
[1.201s] INFO:colcon.colcon_core.shell:Skip shell extension 'powershell' for command environment: Not usable outside of PowerShell
[1.201s] DEBUG:colcon.colcon_core.shell:Skip shell extension 'dsv' for command environment
[1.857s] DEBUG:colcon.colcon_core.event_handler.log_command:Invoking command in '/home/hero/ros2_ws/src/sensor_packages/build/sonoptix_ros2': PYTHONPATH=/home/hero/ros2_ws/src/sensor_packages/build/sonoptix_ros2/prefix_override:/usr/lib/python3/dist-packages/colcon_core/task/python/colcon_distutils_commands:/home/hero/ros2_ws/src/sensor_packages/install/sonoptix_ros2/lib/python3.10/site-packages:${PYTHONPATH} /usr/bin/python3 -W ignore:setup.py install is deprecated -W ignore:easy_install command is deprecated setup.py develop --editable --build-directory /home/hero/ros2_ws/src/sensor_packages/build/sonoptix_ros2/build --no-deps symlink_data
[2.674s] Level 1:colcon.colcon_core.shell:create_environment_hook('sonoptix_ros2', 'pythonpath_develop')
[2.675s] INFO:colcon.colcon_core.shell:Creating environment hook '/home/hero/ros2_ws/src/sensor_packages/build/sonoptix_ros2/share/sonoptix_ros2/hook/pythonpath_develop.ps1'
[2.676s] DEBUG:colcon.colcon_core.event_handler.log_command:Invoked command in '/home/hero/ros2_ws/src/sensor_packages/build/sonoptix_ros2' returned '0': PYTHONPATH=/home/hero/ros2_ws/src/sensor_packages/build/sonoptix_ros2/prefix_override:/usr/lib/python3/dist-packages/colcon_core/task/python/colcon_distutils_commands:/home/hero/ros2_ws/src/sensor_packages/install/sonoptix_ros2/lib/python3.10/site-packages:${PYTHONPATH} /usr/bin/python3 -W ignore:setup.py install is deprecated -W ignore:easy_install command is deprecated setup.py develop --editable --build-directory /home/hero/ros2_ws/src/sensor_packages/build/sonoptix_ros2/build --no-deps symlink_data
[2.678s] INFO:colcon.colcon_core.shell:Creating environment descriptor '/home/hero/ros2_ws/src/sensor_packages/build/sonoptix_ros2/share/sonoptix_ros2/hook/pythonpath_develop.dsv'
[2.679s] INFO:colcon.colcon_core.shell:Creating environment hook '/home/hero/ros2_ws/src/sensor_packages/build/sonoptix_ros2/share/sonoptix_ros2/hook/pythonpath_develop.sh'
[2.683s] Level 1:colcon.colcon_core.environment:checking '/home/hero/ros2_ws/src/sensor_packages/install/sonoptix_ros2' for CMake module files
[2.684s] Level 1:colcon.colcon_core.environment:checking '/home/hero/ros2_ws/src/sensor_packages/install/sonoptix_ros2' for CMake config files
[2.685s] Level 1:colcon.colcon_core.environment:checking '/home/hero/ros2_ws/src/sensor_packages/install/sonoptix_ros2/lib'
[2.686s] Level 1:colcon.colcon_core.environment:checking '/home/hero/ros2_ws/src/sensor_packages/install/sonoptix_ros2/bin'
[2.686s] Level 1:colcon.colcon_core.environment:checking '/home/hero/ros2_ws/src/sensor_packages/install/sonoptix_ros2/lib/pkgconfig/sonoptix_ros2.pc'
[2.686s] Level 1:colcon.colcon_core.environment:checking '/home/hero/ros2_ws/src/sensor_packages/install/sonoptix_ros2/lib/python3.10/site-packages'
[2.686s] Level 1:colcon.colcon_core.shell:create_environment_hook('sonoptix_ros2', 'pythonpath')
[2.687s] INFO:colcon.colcon_core.shell:Creating environment hook '/home/hero/ros2_ws/src/sensor_packages/install/sonoptix_ros2/share/sonoptix_ros2/hook/pythonpath.ps1'
[2.688s] INFO:colcon.colcon_core.shell:Creating environment descriptor '/home/hero/ros2_ws/src/sensor_packages/install/sonoptix_ros2/share/sonoptix_ros2/hook/pythonpath.dsv'
[2.688s] INFO:colcon.colcon_core.shell:Creating environment hook '/home/hero/ros2_ws/src/sensor_packages/install/sonoptix_ros2/share/sonoptix_ros2/hook/pythonpath.sh'
[2.689s] Level 1:colcon.colcon_core.environment:checking '/home/hero/ros2_ws/src/sensor_packages/install/sonoptix_ros2/bin'
[2.689s] Level 1:colcon.colcon_core.environment:create_environment_scripts_only(sonoptix_ros2)
[2.690s] INFO:colcon.colcon_core.shell:Creating package script '/home/hero/ros2_ws/src/sensor_packages/install/sonoptix_ros2/share/sonoptix_ros2/package.ps1'
[2.691s] INFO:colcon.colcon_core.shell:Creating package descriptor '/home/hero/ros2_ws/src/sensor_packages/install/sonoptix_ros2/share/sonoptix_ros2/package.dsv'
[2.692s] INFO:colcon.colcon_core.shell:Creating package script '/home/hero/ros2_ws/src/sensor_packages/install/sonoptix_ros2/share/sonoptix_ros2/package.sh'
[2.694s] INFO:colcon.colcon_core.shell:Creating package script '/home/hero/ros2_ws/src/sensor_packages/install/sonoptix_ros2/share/sonoptix_ros2/package.bash'
[2.695s] INFO:colcon.colcon_core.shell:Creating package script '/home/hero/ros2_ws/src/sensor_packages/install/sonoptix_ros2/share/sonoptix_ros2/package.zsh'
[2.696s] Level 1:colcon.colcon_core.environment:create_file_with_runtime_dependencies(/home/hero/ros2_ws/src/sensor_packages/install/sonoptix_ros2/share/colcon-core/packages/sonoptix_ros2)
[2.697s] DEBUG:colcon.colcon_parallel_executor.executor.parallel:closing loop
[2.697s] DEBUG:colcon.colcon_parallel_executor.executor.parallel:loop closed
[2.697s] DEBUG:colcon.colcon_parallel_executor.executor.parallel:run_until_complete finished with '0'
[2.698s] DEBUG:colcon.colcon_core.event_reactor:joining thread
[2.707s] INFO:colcon.colcon_core.plugin_system:Skipping extension 'colcon_notification.desktop_notification.terminal_notifier': Not used on non-Darwin systems
[2.708s] INFO:colcon.colcon_core.plugin_system:Skipping extension 'colcon_notification.desktop_notification.win32': Not used on non-Windows systems
[2.708s] INFO:colcon.colcon_notification.desktop_notification:Sending desktop notification using 'notify2'
[2.740s] DEBUG:colcon.colcon_core.event_reactor:joined thread
[2.741s] INFO:colcon.colcon_core.shell:Creating prefix script '/home/hero/ros2_ws/src/sensor_packages/install/local_setup.ps1'
[2.743s] INFO:colcon.colcon_core.shell:Creating prefix util module '/home/hero/ros2_ws/src/sensor_packages/install/_local_setup_util_ps1.py'
[2.746s] INFO:colcon.colcon_core.shell:Creating prefix chain script '/home/hero/ros2_ws/src/sensor_packages/install/setup.ps1'
[2.749s] INFO:colcon.colcon_core.shell:Creating prefix script '/home/hero/ros2_ws/src/sensor_packages/install/local_setup.sh'
[2.751s] INFO:colcon.colcon_core.shell:Creating prefix util module '/home/hero/ros2_ws/src/sensor_packages/install/_local_setup_util_sh.py'
[2.753s] INFO:colcon.colcon_core.shell:Creating prefix chain script '/home/hero/ros2_ws/src/sensor_packages/install/setup.sh'
[2.755s] INFO:colcon.colcon_core.shell:Creating prefix script '/home/hero/ros2_ws/src/sensor_packages/install/local_setup.bash'
[2.756s] INFO:colcon.colcon_core.shell:Creating prefix chain script '/home/hero/ros2_ws/src/sensor_packages/install/setup.bash'
[2.758s] INFO:colcon.colcon_core.shell:Creating prefix script '/home/hero/ros2_ws/src/sensor_packages/install/local_setup.zsh'
[2.760s] INFO:colcon.colcon_core.shell:Creating prefix chain script '/home/hero/ros2_ws/src/sensor_packages/install/setup.zsh'
