running develop
running egg_info
creating sonoptix_ros2.egg-info
writing sonoptix_ros2.egg-info/PKG-INFO
writing dependency_links to sonoptix_ros2.egg-info/dependency_links.txt
writing entry points to sonoptix_ros2.egg-info/entry_points.txt
writing requirements to sonoptix_ros2.egg-info/requires.txt
writing top-level names to sonoptix_ros2.egg-info/top_level.txt
writing manifest file 'sonoptix_ros2.egg-info/SOURCES.txt'
reading manifest file 'sonoptix_ros2.egg-info/SOURCES.txt'
writing manifest file 'sonoptix_ros2.egg-info/SOURCES.txt'
running build_ext
Creating /home/hero/ros2_ws/src/sensor_packages/install/sonoptix_ros2/lib/python3.10/site-packages/sonoptix-ros2.egg-link (link to .)
Installing echo script to /home/hero/ros2_ws/src/sensor_packages/install/sonoptix_ros2/lib/sonoptix_ros2
Installing echo_imager script to /home/hero/ros2_ws/src/sensor_packages/install/sonoptix_ros2/lib/sonoptix_ros2

Installed /home/hero/ros2_ws/src/sensor_packages/build/sonoptix_ros2
running symlink_data
creating /home/hero/ros2_ws/src/sensor_packages/install/sonoptix_ros2/share/ament_index
creating /home/hero/ros2_ws/src/sensor_packages/install/sonoptix_ros2/share/ament_index/resource_index
creating /home/hero/ros2_ws/src/sensor_packages/install/sonoptix_ros2/share/ament_index/resource_index/packages
symbolically linking /home/hero/ros2_ws/src/sensor_packages/build/sonoptix_ros2/resource/sonoptix_ros2 -> /home/hero/ros2_ws/src/sensor_packages/install/sonoptix_ros2/share/ament_index/resource_index/packages
symbolically linking /home/hero/ros2_ws/src/sensor_packages/build/sonoptix_ros2/package.xml -> /home/hero/ros2_ws/src/sensor_packages/install/sonoptix_ros2/share/sonoptix_ros2
creating /home/hero/ros2_ws/src/sensor_packages/install/sonoptix_ros2/share/sonoptix_ros2/launch
symbolically linking /home/hero/ros2_ws/src/sensor_packages/build/sonoptix_ros2/launch/echo.launch.py -> /home/hero/ros2_ws/src/sensor_packages/install/sonoptix_ros2/share/sonoptix_ros2/launch
symbolically linking /home/hero/ros2_ws/src/sensor_packages/build/sonoptix_ros2/launch/echo_decompress.launch.py -> /home/hero/ros2_ws/src/sensor_packages/install/sonoptix_ros2/share/sonoptix_ros2/launch
