[1.141s] Invoking command in '/home/hero/ros2_ws/src/sensor_packages/build/sonoptix_ros2': PYTHONPATH=/home/hero/ros2_ws/src/sensor_packages/build/sonoptix_ros2/prefix_override:/usr/lib/python3/dist-packages/colcon_core/task/python/colcon_distutils_commands:/home/hero/ros2_ws/src/sensor_packages/install/sonoptix_ros2/lib/python3.10/site-packages:${PYTHONPATH} /usr/bin/python3 -W ignore:setup.py install is deprecated -W ignore:easy_install command is deprecated setup.py develop --editable --build-directory /home/hero/ros2_ws/src/sensor_packages/build/sonoptix_ros2/build --no-deps symlink_data
[1.585s] running develop
[1.846s] running egg_info
[1.846s] creating sonoptix_ros2.egg-info
[1.847s] writing sonoptix_ros2.egg-info/PKG-INFO
[1.848s] writing dependency_links to sonoptix_ros2.egg-info/dependency_links.txt
[1.848s] writing entry points to sonoptix_ros2.egg-info/entry_points.txt
[1.849s] writing requirements to sonoptix_ros2.egg-info/requires.txt
[1.849s] writing top-level names to sonoptix_ros2.egg-info/top_level.txt
[1.851s] writing manifest file 'sonoptix_ros2.egg-info/SOURCES.txt'
[1.854s] reading manifest file 'sonoptix_ros2.egg-info/SOURCES.txt'
[1.855s] writing manifest file 'sonoptix_ros2.egg-info/SOURCES.txt'
[1.858s] running build_ext
[1.858s] Creating /home/hero/ros2_ws/src/sensor_packages/install/sonoptix_ros2/lib/python3.10/site-packages/sonoptix-ros2.egg-link (link to .)
[1.860s] Installing echo script to /home/hero/ros2_ws/src/sensor_packages/install/sonoptix_ros2/lib/sonoptix_ros2
[1.861s] Installing echo_imager script to /home/hero/ros2_ws/src/sensor_packages/install/sonoptix_ros2/lib/sonoptix_ros2
[1.862s] 
[1.862s] Installed /home/hero/ros2_ws/src/sensor_packages/build/sonoptix_ros2
[1.862s] running symlink_data
[1.863s] creating /home/hero/ros2_ws/src/sensor_packages/install/sonoptix_ros2/share/ament_index
[1.863s] creating /home/hero/ros2_ws/src/sensor_packages/install/sonoptix_ros2/share/ament_index/resource_index
[1.863s] creating /home/hero/ros2_ws/src/sensor_packages/install/sonoptix_ros2/share/ament_index/resource_index/packages
[1.863s] symbolically linking /home/hero/ros2_ws/src/sensor_packages/build/sonoptix_ros2/resource/sonoptix_ros2 -> /home/hero/ros2_ws/src/sensor_packages/install/sonoptix_ros2/share/ament_index/resource_index/packages
[1.863s] symbolically linking /home/hero/ros2_ws/src/sensor_packages/build/sonoptix_ros2/package.xml -> /home/hero/ros2_ws/src/sensor_packages/install/sonoptix_ros2/share/sonoptix_ros2
[1.863s] creating /home/hero/ros2_ws/src/sensor_packages/install/sonoptix_ros2/share/sonoptix_ros2/launch
[1.863s] symbolically linking /home/hero/ros2_ws/src/sensor_packages/build/sonoptix_ros2/launch/echo.launch.py -> /home/hero/ros2_ws/src/sensor_packages/install/sonoptix_ros2/share/sonoptix_ros2/launch
[1.863s] symbolically linking /home/hero/ros2_ws/src/sensor_packages/build/sonoptix_ros2/launch/echo_decompress.launch.py -> /home/hero/ros2_ws/src/sensor_packages/install/sonoptix_ros2/share/sonoptix_ros2/launch
[1.960s] Invoked command in '/home/hero/ros2_ws/src/sensor_packages/build/sonoptix_ros2' returned '0': PYTHONPATH=/home/hero/ros2_ws/src/sensor_packages/build/sonoptix_ros2/prefix_override:/usr/lib/python3/dist-packages/colcon_core/task/python/colcon_distutils_commands:/home/hero/ros2_ws/src/sensor_packages/install/sonoptix_ros2/lib/python3.10/site-packages:${PYTHONPATH} /usr/bin/python3 -W ignore:setup.py install is deprecated -W ignore:easy_install command is deprecated setup.py develop --editable --build-directory /home/hero/ros2_ws/src/sensor_packages/build/sonoptix_ros2/build --no-deps symlink_data
